<?xml version="1.0" encoding="UTF-8"?>
<!-- Generated by org.testng.reporters.JUnitReportReporter -->
<testsuite skipped="0" hostname="RohitM" name="com.Local.ehealthsystem.user.EMR.test.TestReport" tests="1" failures="0" timestamp="2020-12-09T18:23:05 IST" time="19.640" errors="0">
  <testcase name="EMR2" time="19.640" classname="com.Local.ehealthsystem.user.EMR.test.TestReport"/>
  <system-out/>
</testsuite> <!-- com.Local.ehealthsystem.user.EMR.test.TestReport -->
