<?xml version="1.0" encoding="UTF-8"?>
<!-- Generated by org.testng.reporters.JUnitReportReporter -->
<testsuite skipped="0" hostname="RohitM" name="com.Local.ehealthsystem.user.Profile.test.ManageAccount" tests="1" failures="0" timestamp="2020-12-10T10:38:22 IST" time="9.394" errors="0">
  <testcase name="trans" time="9.394" classname="com.Local.ehealthsystem.user.Profile.test.ManageAccount"/>
  <system-out/>
</testsuite> <!-- com.Local.ehealthsystem.user.Profile.test.ManageAccount -->
