<?xml version="1.0" encoding="UTF-8"?>
<!-- Generated by org.testng.reporters.JUnitReportReporter -->
<testsuite skipped="0" hostname="RohitM" name="com.Local.ehealthsystem.doctor.LoginPage.test.DoctorRegistration" tests="1" failures="0" timestamp="2020-12-10T11:30:08 IST" time="19.495" errors="0">
  <testcase name="rgister" time="19.495" classname="com.Local.ehealthsystem.doctor.LoginPage.test.DoctorRegistration"/>
  <system-out/>
</testsuite> <!-- com.Local.ehealthsystem.doctor.LoginPage.test.DoctorRegistration -->
