<?xml version="1.0" encoding="UTF-8"?>
<!-- Generated by org.testng.reporters.JUnitReportReporter -->
<testsuite skipped="0" hostname="RohitM" name="com.Local.ehealthsystem.user.loginPage.test.Login" tests="1" failures="0" timestamp="2020-12-09T16:14:43 IST" time="8.119" errors="0">
  <testcase name="login" time="8.119" classname="com.Local.ehealthsystem.user.loginPage.test.Login"/>
  <system-out/>
</testsuite> <!-- com.Local.ehealthsystem.user.loginPage.test.Login -->
