<?xml version="1.0" encoding="UTF-8"?>
<!-- Generated by org.testng.reporters.JUnitReportReporter -->
<testsuite skipped="0" hostname="RohitM" name="com.Local.ehealthsystem.user.Insurance.test.MyInsurance" tests="2" failures="0" timestamp="2020-12-09T18:40:21 IST" time="50.612" errors="0">
  <testcase name="AddInsurance" time="18.379" classname="com.Local.ehealthsystem.user.Insurance.test.MyInsurance"/>
  <system-out/>
  <testcase name="EditInsurance" time="32.233" classname="com.Local.ehealthsystem.user.Insurance.test.MyInsurance"/>
  <system-out/>
</testsuite> <!-- com.Local.ehealthsystem.user.Insurance.test.MyInsurance -->
