<?xml version="1.0" encoding="UTF-8"?>
<!-- Generated by org.testng.reporters.JUnitReportReporter -->
<testsuite skipped="0" hostname="RohitM" name="com.Local.ehealthsystem.user.EMR.test.PatientsDetails" tests="2" failures="0" timestamp="2020-12-09T18:11:43 IST" time="72.682" errors="0">
  <testcase name="Login" time="7.952" classname="com.Local.ehealthsystem.user.EMR.test.PatientsDetails"/>
  <system-out/>
  <testcase name="EMR1" time="64.730" classname="com.Local.ehealthsystem.user.EMR.test.PatientsDetails"/>
  <system-out/>
</testsuite> <!-- com.Local.ehealthsystem.user.EMR.test.PatientsDetails -->
