<?xml version="1.0" encoding="UTF-8"?>
<!-- Generated by org.testng.reporters.JUnitReportReporter -->
<testsuite skipped="0" hostname="RohitM" name="com.Local.ehealthsystem.user.EMR.test.LoginDetails" tests="1" failures="0" timestamp="2020-12-09T16:54:38 IST" time="11.561" errors="0">
  <testcase name="EMR" time="11.561" classname="com.Local.ehealthsystem.user.EMR.test.LoginDetails"/>
  <system-out/>
</testsuite> <!-- com.Local.ehealthsystem.user.EMR.test.LoginDetails -->
