<?xml version="1.0" encoding="UTF-8"?>
<!-- Generated by org.testng.reporters.JUnitReportReporter -->
<testsuite skipped="0" hostname="RohitM" name="com.Local.ehealthsystem.user.EMR.test.MedicalDataUpload" tests="11" failures="0" timestamp="2020-12-09T17:13:30 IST" time="273.442" errors="0">
  <testcase name="Medication" time="28.896" classname="com.Local.ehealthsystem.user.EMR.test.MedicalDataUpload"/>
  <system-out/>
  <testcase name="Immunization" time="29.654" classname="com.Local.ehealthsystem.user.EMR.test.MedicalDataUpload"/>
  <system-out/>
  <testcase name="Allergies" time="21.596" classname="com.Local.ehealthsystem.user.EMR.test.MedicalDataUpload"/>
  <system-out/>
  <testcase name="Blood" time="21.753" classname="com.Local.ehealthsystem.user.EMR.test.MedicalDataUpload"/>
  <system-out/>
  <testcase name="TestReport" time="29.676" classname="com.Local.ehealthsystem.user.EMR.test.MedicalDataUpload"/>
  <system-out/>
  <testcase name="CTScan" time="22.048" classname="com.Local.ehealthsystem.user.EMR.test.MedicalDataUpload"/>
  <system-out/>
  <testcase name="MRI" time="21.107" classname="com.Local.ehealthsystem.user.EMR.test.MedicalDataUpload"/>
  <system-out/>
  <testcase name="Sonography" time="21.498" classname="com.Local.ehealthsystem.user.EMR.test.MedicalDataUpload"/>
  <system-out/>
  <testcase name="XRay" time="25.143" classname="com.Local.ehealthsystem.user.EMR.test.MedicalDataUpload"/>
  <system-out/>
  <testcase name="StressTest" time="27.872" classname="com.Local.ehealthsystem.user.EMR.test.MedicalDataUpload"/>
  <system-out/>
  <testcase name="Other" time="24.199" classname="com.Local.ehealthsystem.user.EMR.test.MedicalDataUpload"/>
  <system-out/>
</testsuite> <!-- com.Local.ehealthsystem.user.EMR.test.MedicalDataUpload -->
