<?xml version="1.0" encoding="UTF-8"?>
<!-- Generated by org.testng.reporters.JUnitReportReporter -->
<testsuite skipped="0" hostname="RohitM" name="com.Local.ehealthsystem.user.EMR.test.Medication" tests="1" failures="0" timestamp="2020-12-09T17:46:20 IST" time="40.635" errors="0">
  <testcase name="EMR2" time="40.635" classname="com.Local.ehealthsystem.user.EMR.test.Medication"/>
  <system-out/>
</testsuite> <!-- com.Local.ehealthsystem.user.EMR.test.Medication -->
