<?xml version="1.0" encoding="UTF-8"?>
<!-- Generated by org.testng.reporters.JUnitReportReporter -->
<testsuite skipped="0" hostname="RohitM" name="com.Local.ehealthsystem.user.EMR.test.PatientsHistory" tests="1" failures="0" timestamp="2020-12-09T18:21:21 IST" time="15.505" errors="0">
  <testcase name="EMR2" time="15.505" classname="com.Local.ehealthsystem.user.EMR.test.PatientsHistory"/>
  <system-out/>
</testsuite> <!-- com.Local.ehealthsystem.user.EMR.test.PatientsHistory -->
