<?xml version="1.0" encoding="UTF-8"?>
<!-- Generated by org.testng.reporters.JUnitReportReporter -->
<testsuite skipped="0" hostname="RohitM" name="com.Local.ehealthsystem.doctor.Profile.test.ManageAccount" tests="1" failures="0" timestamp="2020-12-10T11:35:24 IST" time="6.312" errors="0">
  <testcase name="manageAccount" time="6.312" classname="com.Local.ehealthsystem.doctor.Profile.test.ManageAccount"/>
  <system-out/>
</testsuite> <!-- com.Local.ehealthsystem.doctor.Profile.test.ManageAccount -->
