<?xml version="1.0" encoding="UTF-8"?>
<!-- Generated by org.testng.reporters.JUnitReportReporter -->
<testsuite skipped="0" hostname="RohitM" name="com.Local.ehealthsystem.user.EMR.test.TreatmentTracker" tests="1" failures="0" timestamp="2020-12-09T18:25:16 IST" time="31.135" errors="0">
  <testcase name="EMR2" time="31.135" classname="com.Local.ehealthsystem.user.EMR.test.TreatmentTracker"/>
  <system-out/>
</testsuite> <!-- com.Local.ehealthsystem.user.EMR.test.TreatmentTracker -->
