<?xml version="1.0" encoding="UTF-8"?>
<!-- Generated by org.testng.reporters.JUnitReportReporter -->
<testsuite skipped="0" hostname="RohitM" name="com.Local.ehealthsystem.doctor.Profile.test.MyProfile" tests="4" failures="0" timestamp="2020-12-10T11:38:27 IST" time="54.379" errors="0">
  <testcase name="ProfileSettings" time="11.626" classname="com.Local.ehealthsystem.doctor.Profile.test.MyProfile"/>
  <system-out/>
  <testcase name="Myidentifications" time="19.519" classname="com.Local.ehealthsystem.doctor.Profile.test.MyProfile"/>
  <system-out/>
  <testcase name="ContactDetails" time="20.749" classname="com.Local.ehealthsystem.doctor.Profile.test.MyProfile"/>
  <system-out/>
  <testcase name="MyAttachments" time="2.485" classname="com.Local.ehealthsystem.doctor.Profile.test.MyProfile"/>
  <system-out/>
</testsuite> <!-- com.Local.ehealthsystem.doctor.Profile.test.MyProfile -->
