<?xml version="1.0" encoding="UTF-8"?>
<!-- Generated by org.testng.reporters.JUnitReportReporter -->
<testsuite skipped="0" hostname="RohitM" name="com.Local.ehealthsystem.user.EMR.test.LifestyleHistory" tests="2" failures="0" timestamp="2020-12-09T16:52:40 IST" time="30.037" errors="0">
  <testcase name="EMR2" time="14.178" classname="com.Local.ehealthsystem.user.EMR.test.LifestyleHistory"/>
  <system-out/>
  <testcase name="EMR" time="15.859" classname="com.Local.ehealthsystem.user.EMR.test.LifestyleHistory"/>
  <system-out/>
</testsuite> <!-- com.Local.ehealthsystem.user.EMR.test.LifestyleHistory -->
