<?xml version="1.0" encoding="UTF-8"?>
<!-- Generated by org.testng.reporters.JUnitReportReporter -->
<testsuite skipped="0" hostname="RohitM" name="com.Local.ehealthsystem.user.Services.test.GovtSchemes" tests="1" failures="0" timestamp="2020-12-09T18:48:48 IST" time="0.012" errors="0">
  <testcase name="Gov" time="0.012" classname="com.Local.ehealthsystem.user.Services.test.GovtSchemes"/>
  <system-out/>
</testsuite> <!-- com.Local.ehealthsystem.user.Services.test.GovtSchemes -->
