<?xml version="1.0" encoding="UTF-8"?>
<!-- Generated by org.testng.reporters.JUnitReportReporter -->
<testsuite skipped="0" hostname="RohitM" name="com.Local.ehealthsystem.doctor.LoginPage.test.DoctorLogin" tests="1" failures="0" timestamp="2020-12-10T11:28:14 IST" time="9.189" errors="0">
  <testcase name="login" time="9.189" classname="com.Local.ehealthsystem.doctor.LoginPage.test.DoctorLogin"/>
  <system-out/>
</testsuite> <!-- com.Local.ehealthsystem.doctor.LoginPage.test.DoctorLogin -->
