<?xml version="1.0" encoding="UTF-8"?>
<!-- Generated by org.testng.reporters.JUnitReportReporter -->
<testsuite skipped="0" hostname="RohitM" name="com.Local.ehealthsystem.user.Profile.test.MyProfile" tests="1" failures="0" timestamp="2020-12-10T10:40:22 IST" time="2.567" errors="0">
  <testcase name="profile" time="2.567" classname="com.Local.ehealthsystem.user.Profile.test.MyProfile"/>
  <system-out/>
</testsuite> <!-- com.Local.ehealthsystem.user.Profile.test.MyProfile -->
