<?xml version="1.0" encoding="UTF-8"?>
<!-- Generated by org.testng.reporters.JUnitReportReporter -->
<testsuite skipped="0" hostname="RohitM" name="com.Local.ehealthsystem.doctor.MyPatient.test.MyPatient" tests="1" failures="0" timestamp="2020-12-10T11:33:02 IST" time="5.907" errors="0">
  <testcase name="myPatient" time="5.907" classname="com.Local.ehealthsystem.doctor.MyPatient.test.MyPatient"/>
  <system-out/>
</testsuite> <!-- com.Local.ehealthsystem.doctor.MyPatient.test.MyPatient -->
