<?xml version="1.0" encoding="UTF-8"?>
<!-- Generated by org.testng.reporters.JUnitReportReporter -->
<testsuite skipped="0" hostname="RohitM" name="com.Local.ehealthsystem.user.Profile.test.MyTransactions" tests="1" failures="0" timestamp="2020-12-10T10:43:08 IST" time="1.983" errors="0">
  <testcase name="trans" time="1.983" classname="com.Local.ehealthsystem.user.Profile.test.MyTransactions"/>
  <system-out/>
</testsuite> <!-- com.Local.ehealthsystem.user.Profile.test.MyTransactions -->
