<?xml version="1.0" encoding="UTF-8"?>
<!-- Generated by org.testng.reporters.JUnitReportReporter -->
<testsuite skipped="0" hostname="RohitM" name="com.Local.ehealthsystem.user.EMR.test.ExportEMR" tests="1" failures="0" timestamp="2020-12-09T16:41:13 IST" time="40.410" errors="0">
  <testcase name="EMR" time="40.410" classname="com.Local.ehealthsystem.user.EMR.test.ExportEMR"/>
  <system-out/>
</testsuite> <!-- com.Local.ehealthsystem.user.EMR.test.ExportEMR -->
