<?xml version="1.0" encoding="UTF-8"?>
<!-- Generated by org.testng.reporters.JUnitReportReporter -->
<testsuite skipped="0" hostname="RohitM" name="com.Local.ehealthsystem.user.Consultation.test.MyAppointments" tests="1" failures="0" timestamp="2020-12-09T18:32:01 IST" time="15.043" errors="0">
  <testcase name="Appointments" time="15.043" classname="com.Local.ehealthsystem.user.Consultation.test.MyAppointments"/>
  <system-out/>
</testsuite> <!-- com.Local.ehealthsystem.user.Consultation.test.MyAppointments -->
