<?xml version="1.0" encoding="UTF-8"?>
<!-- Generated by org.testng.reporters.JUnitReportReporter -->
<testsuite skipped="0" hostname="RohitM" name="com.Local.ehealthsystem.user.EMR.test.Immunization" tests="1" failures="0" timestamp="2020-12-09T16:45:48 IST" time="13.872" errors="0">
  <testcase name="EMR2" time="13.872" classname="com.Local.ehealthsystem.user.EMR.test.Immunization"/>
  <system-out/>
</testsuite> <!-- com.Local.ehealthsystem.user.EMR.test.Immunization -->
