<?xml version="1.0" encoding="UTF-8"?>
<!-- Generated by org.testng.reporters.JUnitReportReporter -->
<testsuite skipped="0" hostname="RohitM" name="com.Local.ehealthsystem.doctor.Profile.test.OPD" tests="1" failures="0" timestamp="2020-12-10T11:40:15 IST" time="22.975" errors="0">
  <testcase name="opd" time="22.975" classname="com.Local.ehealthsystem.doctor.Profile.test.OPD"/>
  <system-out/>
</testsuite> <!-- com.Local.ehealthsystem.doctor.Profile.test.OPD -->
