<?xml version="1.0" encoding="UTF-8"?>
<!-- Generated by org.testng.reporters.JUnitReportReporter -->
<testsuite skipped="0" hostname="RohitM" name="com.Local.ehealthsytem.doctor.Settings.test.Settings" tests="1" failures="0" timestamp="2020-12-10T11:46:22 IST" time="2.150" errors="0">
  <testcase name="homepage" time="2.150" classname="com.Local.ehealthsytem.doctor.Settings.test.Settings"/>
  <system-out/>
</testsuite> <!-- com.Local.ehealthsytem.doctor.Settings.test.Settings -->
