<?xml version="1.0" encoding="UTF-8"?>
<!-- Generated by org.testng.reporters.JUnitReportReporter -->
<testsuite skipped="0" hostname="RohitM" name="com.Local.ehealthsystem.user.EMR.test.FamilyDetails" tests="1" failures="0" timestamp="2020-12-09T16:44:16 IST" time="12.160" errors="0">
  <testcase name="EMR2" time="12.160" classname="com.Local.ehealthsystem.user.EMR.test.FamilyDetails"/>
  <system-out/>
</testsuite> <!-- com.Local.ehealthsystem.user.EMR.test.FamilyDetails -->
