<?xml version="1.0" encoding="UTF-8"?>
<!-- Generated by org.testng.reporters.JUnitReportReporter -->
<testsuite skipped="0" hostname="RohitM" name="com.Local.ehealthsystem.user.Insurance.test.HospitalBills" tests="1" failures="0" timestamp="2020-12-09T18:37:36 IST" time="10.298" errors="0">
  <testcase name="Hospital" time="10.298" classname="com.Local.ehealthsystem.user.Insurance.test.HospitalBills"/>
  <system-out/>
</testsuite> <!-- com.Local.ehealthsystem.user.Insurance.test.HospitalBills -->
