<?xml version="1.0" encoding="UTF-8"?>
<!-- Generated by org.testng.reporters.JUnitReportReporter -->
<testsuite skipped="0" hostname="RohitM" name="com.ehealthSystem.user.Services.test.GenericMedicine" tests="1" failures="0" timestamp="2020-12-09T18:44:08 IST" time="1.190" errors="0">
  <testcase name="Generic" time="1.190" classname="com.ehealthSystem.user.Services.test.GenericMedicine"/>
  <system-out/>
</testsuite> <!-- com.ehealthSystem.user.Services.test.GenericMedicine -->
