<?xml version="1.0" encoding="UTF-8"?>
<!-- Generated by org.testng.reporters.JUnitReportReporter -->
<testsuite hostname="DESKTOP-8B271AS" failures="0" tests="1" name="com.ehealthSystem.user.EMR.test.FamilyDetails" time="10.836" errors="0" timestamp="2020-11-05T01:32:51 GMT-08:00" skipped="0">
  <testcase classname="com.ehealthSystem.user.EMR.test.FamilyDetails" name="EMR2" time="10.836"/>
  <system-out/>
</testsuite> <!-- com.ehealthSystem.user.EMR.test.FamilyDetails -->
