<?xml version="1.0" encoding="UTF-8"?>
<!-- Generated by org.testng.reporters.JUnitReportReporter -->
<testsuite hostname="DESKTOP-8B271AS" failures="0" tests="1" name="com.ehealthSystem.receptionist.LoginPage.test.ReceptionistLogin" time="5.454" errors="0" timestamp="2020-11-21T13:04:14 IST" skipped="0">
  <testcase classname="com.ehealthSystem.receptionist.LoginPage.test.ReceptionistLogin" name="login" time="5.454"/>
  <system-out/>
</testsuite> <!-- com.ehealthSystem.receptionist.LoginPage.test.ReceptionistLogin -->
