<?xml version="1.0" encoding="UTF-8"?>
<!-- Generated by org.testng.reporters.JUnitReportReporter -->
<testsuite hostname="DESKTOP-8B271AS" failures="0" tests="1" name="com.ehealthSystem.doctor.LoginPage.test.DoctorRegistration" time="15.847" errors="0" timestamp="2020-11-18T15:04:06 IST" skipped="0">
  <testcase classname="com.ehealthSystem.doctor.LoginPage.test.DoctorRegistration" name="rgister" time="15.847"/>
  <system-out/>
</testsuite> <!-- com.ehealthSystem.doctor.LoginPage.test.DoctorRegistration -->
