<?xml version="1.0" encoding="UTF-8"?>
<!-- Generated by org.testng.reporters.JUnitReportReporter -->
<testsuite hostname="DESKTOP-8B271AS" failures="0" tests="1" name="com.ehealthSystem.doctor.Profile.test.OPD" time="23.706" errors="0" timestamp="2020-11-06T04:25:09 IST" skipped="0">
  <testcase classname="com.ehealthSystem.doctor.Profile.test.OPD" name="opd" time="23.706"/>
  <system-out/>
</testsuite> <!-- com.ehealthSystem.doctor.Profile.test.OPD -->
