<?xml version="1.0" encoding="UTF-8"?>
<!-- Generated by org.testng.reporters.JUnitReportReporter -->
<testsuite skipped="0" hostname="RohitM" name="com.ehealthSystem.user.EMR.test.PatientsHistory" tests="1" failures="0" timestamp="2020-12-09T18:18:56 IST" time="12.896" errors="0">
  <testcase name="EMR2" time="12.896" classname="com.ehealthSystem.user.EMR.test.PatientsHistory"/>
  <system-out/>
</testsuite> <!-- com.ehealthSystem.user.EMR.test.PatientsHistory -->
