<?xml version="1.0" encoding="UTF-8"?>
<!-- Generated by org.testng.reporters.JUnitReportReporter -->
<testsuite hostname="DESKTOP-8B271AS" failures="0" tests="1" name="com.ehealthSystem.doctor.Profile.test.ManageAccount" time="12.337" errors="0" timestamp="2020-11-06T03:42:47 IST" skipped="0">
  <testcase classname="com.ehealthSystem.doctor.Profile.test.ManageAccount" name="manageAccount" time="12.337"/>
  <system-out/>
</testsuite> <!-- com.ehealthSystem.doctor.Profile.test.ManageAccount -->
