<?xml version="1.0" encoding="UTF-8"?>
<!-- Generated by org.testng.reporters.JUnitReportReporter -->
<testsuite hostname="DESKTOP-8B271AS" failures="0" tests="1" name="com.ehealthSystem.doctor.Settings.test.Settings" time="4.501" errors="0" timestamp="2020-11-05T04:49:05 IST" skipped="0">
  <testcase classname="com.ehealthSystem.doctor.Settings.test.Settings" name="homepage" time="4.501"/>
  <system-out/>
</testsuite> <!-- com.ehealthSystem.doctor.Settings.test.Settings -->
