<?xml version="1.0" encoding="UTF-8"?>
<!-- Generated by org.testng.reporters.JUnitReportReporter -->
<testsuite hostname="DESKTOP-8B271AS" failures="0" tests="4" name="com.ehealthSystem.doctor.Profile.test.MyProfile" time="55.015" errors="0" timestamp="2020-11-25T17:44:06 IST" skipped="0">
  <testcase classname="com.ehealthSystem.doctor.Profile.test.MyProfile" name="ProfileSettings" time="14.249"/>
  <system-out/>
  <testcase classname="com.ehealthSystem.doctor.Profile.test.MyProfile" name="Myidentifications" time="19.192"/>
  <system-out/>
  <testcase classname="com.ehealthSystem.doctor.Profile.test.MyProfile" name="ContactDetails" time="20.424"/>
  <system-out/>
  <testcase classname="com.ehealthSystem.doctor.Profile.test.MyProfile" name="MyAttachments" time="1.150"/>
  <system-out/>
</testsuite> <!-- com.ehealthSystem.doctor.Profile.test.MyProfile -->
