<?xml version="1.0" encoding="UTF-8"?>
<!-- Generated by org.testng.reporters.JUnitReportReporter -->
<testsuite skipped="0" hostname="RohitM" name="com.ehealthSystem.user.Services.test.GovtSchemes" tests="1" failures="0" timestamp="2020-12-09T18:48:08 IST" time="0.011" errors="0">
  <testcase name="Gov" time="0.011" classname="com.ehealthSystem.user.Services.test.GovtSchemes"/>
  <system-out/>
</testsuite> <!-- com.ehealthSystem.user.Services.test.GovtSchemes -->
