<?xml version="1.0" encoding="UTF-8"?>
<!-- Generated by org.testng.reporters.JUnitReportReporter -->
<testsuite skipped="0" hostname="DESKTOP-8B271AS" name="com.ehealthSystem.receptionist.Profile.test.MyProfile" tests="4" failures="0" timestamp="2020-11-27T13:00:48 IST" time="52.002" errors="0">
  <testcase name="ProfileSettings" time="14.676" classname="com.ehealthSystem.receptionist.Profile.test.MyProfile"/>
  <system-out/>
  <testcase name="MyIden" time="15.690" classname="com.ehealthSystem.receptionist.Profile.test.MyProfile"/>
  <system-out/>
  <testcase name="Contact" time="20.273" classname="com.ehealthSystem.receptionist.Profile.test.MyProfile"/>
  <system-out/>
  <testcase name="MyAttachments" time="1.363" classname="com.ehealthSystem.receptionist.Profile.test.MyProfile"/>
  <system-out/>
</testsuite> <!-- com.ehealthSystem.receptionist.Profile.test.MyProfile -->
