<?xml version="1.0" encoding="UTF-8"?>
<!-- Generated by org.testng.reporters.JUnitReportReporter -->
<testsuite hostname="DESKTOP-8B271AS" failures="0" tests="1" name="com.ehealthSystem.receptionist.DoctorDashboard.test.DoctorDashboard" time="15.113" errors="0" timestamp="2020-11-25T14:31:46 IST" skipped="0">
  <testcase classname="com.ehealthSystem.receptionist.DoctorDashboard.test.DoctorDashboard" name="login" time="15.113"/>
  <system-out/>
</testsuite> <!-- com.ehealthSystem.receptionist.DoctorDashboard.test.DoctorDashboard -->
