<?xml version="1.0" encoding="UTF-8"?>
<!-- Generated by org.testng.reporters.JUnitReportReporter -->
<testsuite skipped="0" hostname="RohitM" name="com.ehealthSystem.user.LoginPage.test.Login" tests="1" failures="0" timestamp="2020-12-09T16:02:20 IST" time="9.438" errors="0">
  <testcase name="login" time="9.438" classname="com.ehealthSystem.user.LoginPage.test.Login"/>
  <system-out/>
</testsuite> <!-- com.ehealthSystem.user.LoginPage.test.Login -->
