<?xml version="1.0" encoding="UTF-8"?>
<!-- Generated by org.testng.reporters.JUnitReportReporter -->
<testsuite hostname="DESKTOP-8B271AS" failures="0" tests="1" name="com.ehealthSystem.doctor.MyPatient.test.MyPatient" time="6.129" errors="0" timestamp="2020-11-05T02:44:02 GMT-08:00" skipped="0">
  <testcase classname="com.ehealthSystem.doctor.MyPatient.test.MyPatient" name="myPatient" time="6.129"/>
  <system-out/>
</testsuite> <!-- com.ehealthSystem.doctor.MyPatient.test.MyPatient -->
