<?xml version="1.0" encoding="UTF-8"?>
<!-- Generated by org.testng.reporters.JUnitReportReporter -->
<testsuite hostname="DESKTOP-8B271AS" failures="0" tests="1" name="com.ehealthSystem.receptionist.Settings.test.Settings" time="4.186" errors="0" timestamp="2020-11-25T16:03:43 IST" skipped="0">
  <testcase classname="com.ehealthSystem.receptionist.Settings.test.Settings" name="setting" time="4.186"/>
  <system-out/>
</testsuite> <!-- com.ehealthSystem.receptionist.Settings.test.Settings -->
