<?xml version="1.0" encoding="UTF-8"?>
<!-- Generated by org.testng.reporters.JUnitReportReporter -->
<testsuite hostname="DESKTOP-8B271AS" failures="0" tests="2" name="com.ehealthSystem.receptionist.LoginPage.test.ReceptionistRegistration" time="51.607" errors="0" timestamp="2020-11-21T13:07:58 IST" skipped="0">
  <testcase classname="com.ehealthSystem.receptionist.LoginPage.test.ReceptionistRegistration" name="SelectProfessional" time="5.239"/>
  <system-out/>
  <testcase classname="com.ehealthSystem.receptionist.LoginPage.test.ReceptionistRegistration" name="fillpersonalinfo" time="46.368"/>
  <system-out/>
</testsuite> <!-- com.ehealthSystem.receptionist.LoginPage.test.ReceptionistRegistration -->
