<?xml version="1.0" encoding="UTF-8"?>
<!-- Generated by org.testng.reporters.JUnitReportReporter -->
<testsuite hostname="DESKTOP-8B271AS" failures="0" tests="1" name="com.ehealthSystem.receptionist.Reports.test.Reports" time="12.554" errors="0" timestamp="2020-11-25T15:18:03 IST" skipped="0">
  <testcase classname="com.ehealthSystem.receptionist.Reports.test.Reports" name="report" time="12.554"/>
  <system-out/>
</testsuite> <!-- com.ehealthSystem.receptionist.Reports.test.Reports -->
